<?xml version="1.0" encoding="UTF-8"?>
<!-- Generated by org.testng.reporters.JUnitReportReporter -->
<testsuite hostname="laptop-ribas" name="br.com.brm.scp.api.service.test.calc.EstoqueSegurancaMockTest" tests="1" failures="0" timestamp="24 Mar 2015 22:51:31 GMT" time="0.007" errors="0">
  <testcase name="create" time="0.007" classname="br.com.brm.scp.api.service.test.calc.EstoqueSegurancaMockTest"/>
</testsuite> <!-- br.com.brm.scp.api.service.test.calc.EstoqueSegurancaMockTest -->
