<?xml version="1.0" encoding="UTF-8"?>
<!-- Generated by org.testng.reporters.JUnitReportReporter -->
<testsuite hostname="laptop-ribas" name="br.com.brm.scp.fw.test.converters.ConverterTest" tests="1" failures="0" timestamp="11 May 2015 01:35:15 GMT" time="53.085" errors="0">
  <testcase name="converterHelper" time="53.085" classname="br.com.brm.scp.fw.test.converters.ConverterTest"/>
</testsuite> <!-- br.com.brm.scp.fw.test.converters.ConverterTest -->
