<?xml version="1.0" encoding="UTF-8"?>
<!-- Generated by org.testng.reporters.JUnitReportReporter -->
<testsuite hostname="laptop-ribas" name="br.com.brm.scp.fw.test.converters.ConverterHelperTest" tests="1" failures="0" timestamp="15 May 2015 00:12:52 GMT" time="0.092" errors="0">
  <testcase name="converterCollectionHelper" time="0.092" classname="br.com.brm.scp.fw.test.converters.ConverterHelperTest"/>
</testsuite> <!-- br.com.brm.scp.fw.test.converters.ConverterHelperTest -->
