<?xml version="1.0" encoding="UTF-8"?>
<!-- Generated by org.testng.reporters.JUnitReportReporter -->
<testsuite hostname="laptop-ribas" name="br.com.brm.scp.fw.test.converters.ConverterTest" tests="1" failures="0" timestamp="14 May 2015 03:34:36 GMT" time="0.033" errors="0">
  <testcase name="converterHelper" time="0.033" classname="br.com.brm.scp.fw.test.converters.ConverterTest"/>
</testsuite> <!-- br.com.brm.scp.fw.test.converters.ConverterTest -->
