<?xml version="1.0" encoding="UTF-8"?>
<!-- Generated by org.testng.reporters.JUnitReportReporter -->
<testsuite hostname="laptop-ribas" name="br.com.brm.scp.fw.test.converters.ConverterTest" tests="1" failures="0" timestamp="12 May 2015 03:14:47 GMT" time="0.012" errors="0">
  <testcase name="converterHelper" time="0.012" classname="br.com.brm.scp.fw.test.converters.ConverterTest"/>
</testsuite> <!-- br.com.brm.scp.fw.test.converters.ConverterTest -->
