<?xml version="1.0" encoding="UTF-8"?>
<!-- Generated by org.testng.reporters.JUnitReportReporter -->
<testsuite hostname="laptop-ribas" name="br.com.brm.scp.api.service.test.UsuarioSeviceMockTest" tests="3" failures="0" timestamp="23 Apr 2015 23:05:39 GMT" time="1.172" errors="0">
  <testcase name="update" time="0.007" classname="br.com.brm.scp.api.service.test.UsuarioSeviceMockTest"/>
  <testcase name="find" time="1.154" classname="br.com.brm.scp.api.service.test.UsuarioSeviceMockTest"/>
  <testcase name="create" time="0.011" classname="br.com.brm.scp.api.service.test.UsuarioSeviceMockTest"/>
</testsuite> <!-- br.com.brm.scp.api.service.test.UsuarioSeviceMockTest -->
