<?xml version="1.0" encoding="UTF-8"?>
<!-- Generated by org.testng.reporters.JUnitReportReporter -->
<testsuite hostname="Leon" name="br.com.brm.scp.api.service.test.UsuarioSeviceMockTest" tests="3" failures="0" timestamp="16 Jul 2015 19:10:17 GMT" time="0.071" errors="0">
  <testcase name="update" time="0.016" classname="br.com.brm.scp.api.service.test.UsuarioSeviceMockTest"/>
  <testcase name="create" time="0.039" classname="br.com.brm.scp.api.service.test.UsuarioSeviceMockTest"/>
  <testcase name="delete" time="0.016" classname="br.com.brm.scp.api.service.test.UsuarioSeviceMockTest"/>
</testsuite> <!-- br.com.brm.scp.api.service.test.UsuarioSeviceMockTest -->
