<?xml version="1.0" encoding="UTF-8"?>
<!-- Generated by org.testng.reporters.JUnitReportReporter -->
<testsuite hostname="laptop-ribas" name="br.com.brm.scp.api.service.test.UsuarioSeviceMockTest" tests="1" failures="0" timestamp="17 Apr 2015 22:58:06 GMT" time="24.277" errors="0">
  <testcase name="create" time="24.277" classname="br.com.brm.scp.api.service.test.UsuarioSeviceMockTest"/>
</testsuite> <!-- br.com.brm.scp.api.service.test.UsuarioSeviceMockTest -->
