<?xml version="1.0" encoding="UTF-8"?>
<!-- Generated by org.testng.reporters.JUnitReportReporter -->
<testsuite hostname="laptop-ribas" name="br.com.brm.scp.api.service.test.UsuarioSeviceMockTest" tests="4" failures="0" timestamp="26 Apr 2015 20:19:08 GMT" time="0.016" errors="0">
  <testcase name="find" time="0.003" classname="br.com.brm.scp.api.service.test.UsuarioSeviceMockTest"/>
  <testcase name="delete" time="0.003" classname="br.com.brm.scp.api.service.test.UsuarioSeviceMockTest"/>
  <testcase name="update" time="0.003" classname="br.com.brm.scp.api.service.test.UsuarioSeviceMockTest"/>
  <testcase name="create" time="0.007" classname="br.com.brm.scp.api.service.test.UsuarioSeviceMockTest"/>
</testsuite> <!-- br.com.brm.scp.api.service.test.UsuarioSeviceMockTest -->
